<?xml version="1.0" encoding="UTF-8"?>
<!-- Generated by org.testng.reporters.JUnitXMLReporter -->
<testsuite ignored="0" hostname="ADMIN-PC" failures="1" tests="1" name="Test" time="14.806" errors="0" timestamp="02 Jul 2022 10:43:51 GMT">
  <testcase classname="com.framework.pages.BaseClass" name="@AfterMethod teardownMessage" time="0.506">
    <failure type="java.lang.NullPointerException" message="Cannot invoke &amp;quot;com.aventstack.extentreports.ExtentTest.fail(String, com.aventstack.extentreports.MediaEntityModelProvider)&amp;quot; because &amp;quot;this.logger&amp;quot; is null">
      <![CDATA[java.lang.NullPointerException: Cannot invoke "com.aventstack.extentreports.ExtentTest.fail(String, com.aventstack.extentreports.MediaEntityModelProvider)" because "this.logger" is null
at com.framework.pages.BaseClass.teardownMessage(BaseClass.java:43)
... Removed 26 stack frames]]>
    </failure>
  </testcase> <!-- @AfterMethod teardownMessage -->
  <testcase classname="com.framework.pages.BaseClass" name="@AfterClass teardown" time="0.0">
    <skipped/>
  </testcase> <!-- @AfterClass teardown -->
  <testcase classname="com.framework.testcases.LoginScenario" name="test" time="0.047">
    <failure type="java.lang.NullPointerException">
      <![CDATA[java.lang.NullPointerException
at java.base/java.util.Objects.requireNonNull(Objects.java:208)
at org.openqa.selenium.interactions.Actions.<init>(Actions.java:65)
at com.framework.pages.Signin.signin_page(Signin.java:38)
at com.framework.testcases.LoginScenario.test(LoginScenario.java:22)
... Removed 23 stack frames]]>
    </failure>
  </testcase> <!-- test -->
</testsuite> <!-- Test -->
